<?xml version="1.0" encoding="UTF-8"?>
<!-- Generated by org.testng.reporters.JUnitReportReporter -->
<testsuite hostname="QT-INBG-LT0173" failures="0" tests="1" name="First" time="4.677" errors="0" timestamp="2021-03-31T12:42:27 IST" skipped="0">
  <testcase classname="First" name="APITest" time="4.677"/>
  <system-out/>
</testsuite> <!-- First -->
