<?xml version="1.0" encoding="UTF-8"?>
<!-- Generated by org.testng.reporters.JUnitReportReporter -->
<testsuite hostname="QT-INBG-LT0173" failures="0" tests="3" name="Second" time="6.266" errors="0" timestamp="2021-03-31T13:13:28 IST" skipped="0">
  <testcase classname="Second" name="APITest1" time="0.792"/>
  <system-out/>
  <testcase classname="Second" name="APITest1" time="0.901"/>
  <system-out/>
  <testcase classname="Second" name="APITest1" time="4.573"/>
  <system-out/>
</testsuite> <!-- Second -->
